<?xml version="1.0" encoding="UTF-8"?>
<testsuite name="GivenBlackBox" tests="25" skipped="0" failures="1" errors="0" timestamp="2022-02-10T01:55:33" hostname="shauns-MacBook-Air.local" time="0.062">
  <properties/>
  <testcase name="oneBearTest3clothings[0]" classname="GivenBlackBox" time="0.024"/>
  <testcase name="threeBearsSaveOnCheapest[0]" classname="GivenBlackBox" time="0.0"/>
  <testcase name="testO[0]" classname="GivenBlackBox" time="0.0"/>
  <testcase name="oneBearNoSavings[0]" classname="GivenBlackBox" time="0.001"/>
  <testcase name="testOfNoisesInABears_NoiseMakerCollection[0]" classname="GivenBlackBox" time="0.008"/>
  <testcase name="oneBearTest3clothings[1]" classname="GivenBlackBox" time="0.001"/>
  <testcase name="threeBearsSaveOnCheapest[1]" classname="GivenBlackBox" time="0.0"/>
  <testcase name="testO[1]" classname="GivenBlackBox" time="0.0"/>
  <testcase name="oneBearNoSavings[1]" classname="GivenBlackBox" time="0.0"/>
  <testcase name="testOfNoisesInABears_NoiseMakerCollection[1]" classname="GivenBlackBox" time="0.0"/>
  <testcase name="oneBearTest3clothings[2]" classname="GivenBlackBox" time="0.001"/>
  <testcase name="threeBearsSaveOnCheapest[2]" classname="GivenBlackBox" time="0.0"/>
  <testcase name="testO[2]" classname="GivenBlackBox" time="0.011">
    <failure message="java.lang.AssertionError: expected:&lt;0.0&gt; but was:&lt;4.0&gt;" type="java.lang.AssertionError">java.lang.AssertionError: expected:&lt;0.0&gt; but was:&lt;4.0&gt;
	at org.junit.Assert.fail(Assert.java:88)
	at org.junit.Assert.failNotEquals(Assert.java:834)
	at org.junit.Assert.assertEquals(Assert.java:553)
	at org.junit.Assert.assertEquals(Assert.java:683)
	at GivenBlackBox.testO(GivenBlackBox.java:1407)
	at java.base/jdk.internal.reflect.NativeMethodAccessorImpl.invoke0(Native Method)
	at java.base/jdk.internal.reflect.NativeMethodAccessorImpl.invoke(NativeMethodAccessorImpl.java:62)
	at java.base/jdk.internal.reflect.DelegatingMethodAccessorImpl.invoke(DelegatingMethodAccessorImpl.java:43)
	at java.base/java.lang.reflect.Method.invoke(Method.java:566)
	at org.junit.runners.model.FrameworkMethod$1.runReflectiveCall(FrameworkMethod.java:50)
	at org.junit.internal.runners.model.ReflectiveCallable.run(ReflectiveCallable.java:12)
	at org.junit.runners.model.FrameworkMethod.invokeExplosively(FrameworkMethod.java:47)
	at org.junit.internal.runners.statements.InvokeMethod.evaluate(InvokeMethod.java:17)
	at org.junit.internal.runners.statements.RunBefores.evaluate(RunBefores.java:26)
	at org.junit.internal.runners.statements.RunAfters.evaluate(RunAfters.java:27)
	at org.junit.runners.ParentRunner.runLeaf(ParentRunner.java:325)
	at org.junit.runners.BlockJUnit4ClassRunner.runChild(BlockJUnit4ClassRunner.java:78)
	at org.junit.runners.BlockJUnit4ClassRunner.runChild(BlockJUnit4ClassRunner.java:57)
	at org.junit.runners.ParentRunner$3.run(ParentRunner.java:290)
	at org.junit.runners.ParentRunner$1.schedule(ParentRunner.java:71)
	at org.junit.runners.ParentRunner.runChildren(ParentRunner.java:288)
	at org.junit.runners.ParentRunner.access$000(ParentRunner.java:58)
	at org.junit.runners.ParentRunner$2.evaluate(ParentRunner.java:268)
	at org.junit.runners.ParentRunner.run(ParentRunner.java:363)
	at org.junit.runners.Suite.runChild(Suite.java:128)
	at org.junit.runners.Suite.runChild(Suite.java:27)
	at org.junit.runners.ParentRunner$3.run(ParentRunner.java:290)
	at org.junit.runners.ParentRunner$1.schedule(ParentRunner.java:71)
	at org.junit.runners.ParentRunner.runChildren(ParentRunner.java:288)
	at org.junit.runners.ParentRunner.access$000(ParentRunner.java:58)
	at org.junit.runners.ParentRunner$2.evaluate(ParentRunner.java:268)
	at org.junit.runners.ParentRunner.run(ParentRunner.java:363)
	at org.gradle.api.internal.tasks.testing.junit.JUnitTestClassExecutor.runTestClass(JUnitTestClassExecutor.java:110)
	at org.gradle.api.internal.tasks.testing.junit.JUnitTestClassExecutor.execute(JUnitTestClassExecutor.java:58)
	at org.gradle.api.internal.tasks.testing.junit.JUnitTestClassExecutor.execute(JUnitTestClassExecutor.java:38)
	at org.gradle.api.internal.tasks.testing.junit.AbstractJUnitTestClassProcessor.processTestClass(AbstractJUnitTestClassProcessor.java:62)
	at org.gradle.api.internal.tasks.testing.SuiteTestClassProcessor.processTestClass(SuiteTestClassProcessor.java:51)
	at java.base/jdk.internal.reflect.NativeMethodAccessorImpl.invoke0(Native Method)
	at java.base/jdk.internal.reflect.NativeMethodAccessorImpl.invoke(NativeMethodAccessorImpl.java:62)
	at java.base/jdk.internal.reflect.DelegatingMethodAccessorImpl.invoke(DelegatingMethodAccessorImpl.java:43)
	at java.base/java.lang.reflect.Method.invoke(Method.java:566)
	at org.gradle.internal.dispatch.ReflectionDispatch.dispatch(ReflectionDispatch.java:36)
	at org.gradle.internal.dispatch.ReflectionDispatch.dispatch(ReflectionDispatch.java:24)
	at org.gradle.internal.dispatch.ContextClassLoaderDispatch.dispatch(ContextClassLoaderDispatch.java:33)
	at org.gradle.internal.dispatch.ProxyDispatchAdapter$DispatchingInvocationHandler.invoke(ProxyDispatchAdapter.java:94)
	at com.sun.proxy.$Proxy5.processTestClass(Unknown Source)
	at org.gradle.api.internal.tasks.testing.worker.TestWorker.processTestClass(TestWorker.java:119)
	at java.base/jdk.internal.reflect.NativeMethodAccessorImpl.invoke0(Native Method)
	at java.base/jdk.internal.reflect.NativeMethodAccessorImpl.invoke(NativeMethodAccessorImpl.java:62)
	at java.base/jdk.internal.reflect.DelegatingMethodAccessorImpl.invoke(DelegatingMethodAccessorImpl.java:43)
	at java.base/java.lang.reflect.Method.invoke(Method.java:566)
	at org.gradle.internal.dispatch.ReflectionDispatch.dispatch(ReflectionDispatch.java:36)
	at org.gradle.internal.dispatch.ReflectionDispatch.dispatch(ReflectionDispatch.java:24)
	at org.gradle.internal.remote.internal.hub.MessageHubBackedObjectConnection$DispatchWrapper.dispatch(MessageHubBackedObjectConnection.java:182)
	at org.gradle.internal.remote.internal.hub.MessageHubBackedObjectConnection$DispatchWrapper.dispatch(MessageHubBackedObjectConnection.java:164)
	at org.gradle.internal.remote.internal.hub.MessageHub$Handler.run(MessageHub.java:414)
	at org.gradle.internal.concurrent.ExecutorPolicy$CatchAndRecordFailures.onExecute(ExecutorPolicy.java:64)
	at org.gradle.internal.concurrent.ManagedExecutorImpl$1.run(ManagedExecutorImpl.java:48)
	at java.base/java.util.concurrent.ThreadPoolExecutor.runWorker(ThreadPoolExecutor.java:1128)
	at java.base/java.util.concurrent.ThreadPoolExecutor$Worker.run(ThreadPoolExecutor.java:628)
	at org.gradle.internal.concurrent.ThreadFactoryImpl$ManagedThreadRunnable.run(ThreadFactoryImpl.java:56)
	at java.base/java.lang.Thread.run(Thread.java:834)
</failure>
  </testcase>
  <testcase name="oneBearNoSavings[2]" classname="GivenBlackBox" time="0.0"/>
  <testcase name="testOfNoisesInABears_NoiseMakerCollection[2]" classname="GivenBlackBox" time="0.0"/>
  <testcase name="oneBearTest3clothings[3]" classname="GivenBlackBox" time="0.001"/>
  <testcase name="threeBearsSaveOnCheapest[3]" classname="GivenBlackBox" time="0.001"/>
  <testcase name="testO[3]" classname="GivenBlackBox" time="0.0"/>
  <testcase name="oneBearNoSavings[3]" classname="GivenBlackBox" time="0.0"/>
  <testcase name="testOfNoisesInABears_NoiseMakerCollection[3]" classname="GivenBlackBox" time="0.0"/>
  <testcase name="oneBearTest3clothings[4]" classname="GivenBlackBox" time="0.0"/>
  <testcase name="threeBearsSaveOnCheapest[4]" classname="GivenBlackBox" time="0.001"/>
  <testcase name="testO[4]" classname="GivenBlackBox" time="0.0"/>
  <testcase name="oneBearNoSavings[4]" classname="GivenBlackBox" time="0.0"/>
  <testcase name="testOfNoisesInABears_NoiseMakerCollection[4]" classname="GivenBlackBox" time="0.0"/>
  <system-out><![CDATA[Easter Egg #6: 'it is bad.'
]]></system-out>
  <system-err><![CDATA[]]></system-err>
</testsuite>
